c:\users\christmas\desktop\mclog\src\mclog\debug\vc142.pdb
c:\users\christmas\desktop\mclog\src\mclog\debug\vc142.idb
c:\users\christmas\desktop\mclog\src\mclog\debug\mclog.obj
c:\users\christmas\desktop\mclog\bin\mclog.dll
c:\users\christmas\desktop\mclog\bin\mclog.ilk
c:\users\christmas\desktop\mclog\bin\mclog.pdb
c:\users\christmas\desktop\mclog\bin\mclog.lib
c:\users\christmas\desktop\mclog\bin\mclog.exp
c:\users\christmas\desktop\mclog\src\mclog\debug\mclog.obj.enc
c:\users\christmas\desktop\mclog\src\mclog\../../bin\mclog.dll
c:\users\christmas\desktop\mclog\src\mclog\debug\mclog.tlog\cl.command.1.tlog
c:\users\christmas\desktop\mclog\src\mclog\debug\mclog.tlog\cl.read.1.tlog
c:\users\christmas\desktop\mclog\src\mclog\debug\mclog.tlog\cl.write.1.tlog
c:\users\christmas\desktop\mclog\src\mclog\debug\mclog.tlog\link.11444.delete.1.tlog
c:\users\christmas\desktop\mclog\src\mclog\debug\mclog.tlog\link.1232.delete.1.tlog
c:\users\christmas\desktop\mclog\src\mclog\debug\mclog.tlog\link.27564.delete.1.tlog
c:\users\christmas\desktop\mclog\src\mclog\debug\mclog.tlog\link.31584.delete.1.tlog
c:\users\christmas\desktop\mclog\src\mclog\debug\mclog.tlog\link.6988.delete.1.tlog
c:\users\christmas\desktop\mclog\src\mclog\debug\mclog.tlog\link.7164.delete.1.tlog
c:\users\christmas\desktop\mclog\src\mclog\debug\mclog.tlog\link.command.1.tlog
c:\users\christmas\desktop\mclog\src\mclog\debug\mclog.tlog\link.read.1.tlog
c:\users\christmas\desktop\mclog\src\mclog\debug\mclog.tlog\link.write.1.tlog
c:\users\christmas\desktop\mclog\src\mclog\debug\mclog.tlog\mclog.write.1u.tlog
